<?xml version="1.0" encoding="UTF-8"?>
<!-- Generated by org.testng.reporters.JUnitXMLReporter -->
<testsuite hostname="balaji-HP" ignored="0" name="carloan" tests="4" failures="0" timestamp="2021-02-02T22:18:23 IST" time="0.038" errors="0">
  <testcase name="carTImeout" time="0.01" classname="testng1.day3"/>
  <testcase name="carloanmobile" time="0.004" classname="testng1.day3"/>
  <testcase name="carloanapi" time="0.002" classname="testng1.day3"/>
  <testcase name="carloansignin" time="0.002" classname="testng1.day3"/>
</testsuite> <!-- carloan -->
