<?xml version="1.0" encoding="UTF-8"?>
<!-- Generated by org.testng.reporters.JUnitXMLReporter -->
<testsuite hostname="balaji-HP" ignored="7" name="My group Test" tests="4" failures="0" timestamp="2021-02-02T18:02:25 IST" time="0.517" errors="0">
  <testcase name="demo" time="0.175" classname="testng1.day1"/>
  <testcase name="part2" time="0.005" classname="testng1.day2"/>
  <testcase name="carloanapi" time="0.003" classname="testng1.day3"/>
  <testcase name="groupmobile" time="0.007" classname="testng1.day4"/>
  <testcase name="second" time="0.0" classname="testng1.day1">
    <ignored/>
  </testcase> <!-- second -->
  <testcase name="homeloanapi" time="0.0" classname="testng1.day4">
    <ignored/>
  </testcase> <!-- homeloanapi -->
  <testcase name="carloansignin" time="0.0" classname="testng1.day3">
    <ignored/>
  </testcase> <!-- carloansignin -->
  <testcase name="homeloansignin" time="0.0" classname="testng1.day4">
    <ignored/>
  </testcase> <!-- homeloansignin -->
  <testcase name="grouphomeloanmobile" time="0.0" classname="testng1.day4">
    <ignored/>
  </testcase> <!-- grouphomeloanmobile -->
  <testcase name="carloanmobile" time="0.0" classname="testng1.day3">
    <ignored/>
  </testcase> <!-- carloanmobile -->
  <testcase name="grouploanmobile" time="0.0" classname="testng1.day4">
    <ignored/>
  </testcase> <!-- grouploanmobile -->
</testsuite> <!-- My group Test -->
