<?xml version="1.0" encoding="UTF-8"?>
<!-- Generated by org.testng.reporters.JUnitXMLReporter -->
<testsuite hostname="balaji-HP" ignored="0" name="My Test" tests="2" failures="1" timestamp="2021-02-02T22:18:23 IST" time="0.107" errors="0">
  <testcase name="demo" time="0.014" classname="testng1.day1"/>
  <testcase name="second" time="0.007" classname="testng1.day1">
    <failure type="java.lang.AssertionError" message="expected [true] but found [false]">
      <![CDATA[java.lang.AssertionError: expected [true] but found [false]
at testng1.day1.second(day1.java:31)
at java.util.ArrayList.forEach(Unknown Source)
... Removed 31 stack frames]]>
    </failure>
  </testcase> <!-- second -->
</testsuite> <!-- My Test -->
